desc: --massif-out-file=usoRAM.out
cmd: ./main.o entrada1.txt a
time_unit: i
#-----------
snapshot=0
#-----------
time=0
mem_heap_B=0
mem_heap_extra_B=0
mem_stacks_B=0
heap_tree=empty
#-----------
snapshot=1
#-----------
time=151216
mem_heap_B=200
mem_heap_extra_B=16
mem_stacks_B=0
heap_tree=empty
#-----------
snapshot=2
#-----------
time=151272
mem_heap_B=752
mem_heap_extra_B=32
mem_stacks_B=0
heap_tree=empty
#-----------
snapshot=3
#-----------
time=151804
mem_heap_B=4848
mem_heap_extra_B=40
mem_stacks_B=0
heap_tree=empty
#-----------
snapshot=4
#-----------
time=152231
mem_heap_B=4850
mem_heap_extra_B=62
mem_stacks_B=0
heap_tree=empty
#-----------
snapshot=5
#-----------
time=152397
mem_heap_B=4852
mem_heap_extra_B=84
mem_stacks_B=0
heap_tree=empty
#-----------
snapshot=6
#-----------
time=152563
mem_heap_B=4854
mem_heap_extra_B=106
mem_stacks_B=0
heap_tree=empty
#-----------
snapshot=7
#-----------
time=152729
mem_heap_B=4856
mem_heap_extra_B=128
mem_stacks_B=0
heap_tree=empty
#-----------
snapshot=8
#-----------
time=152895
mem_heap_B=4858
mem_heap_extra_B=150
mem_stacks_B=0
heap_tree=empty
#-----------
snapshot=9
#-----------
time=153061
mem_heap_B=4860
mem_heap_extra_B=172
mem_stacks_B=0
heap_tree=detailed
n4: 4860 (heap allocation functions) malloc/new/new[], --alloc-fns, etc.
 n1: 4096 0x48D885A: _IO_file_doallocate (filedoalloc.c:101)
  n1: 4096 0x48E80B0: _IO_doallocbuf (genops.c:347)
   n1: 4096 0x48E6F22: _IO_file_underflow@@GLIBC_2.2.5 (fileops.c:493)
    n1: 4096 0x48E8180: _IO_default_uflow (genops.c:362)
     n1: 4096 0x109A76: cargar_datos (in /home/fari/TSP/main.o)
      n0: 4096 0x109CF7: main (in /home/fari/TSP/main.o)
 n1: 552 0x48D93B8: fopen@@GLIBC_2.2.5 (iofopen.c:65)
  n1: 552 0x109A3F: cargar_datos (in /home/fari/TSP/main.o)
   n0: 552 0x109CF7: main (in /home/fari/TSP/main.o)
 n0: 200 0x109CD9: main (in /home/fari/TSP/main.o)
 n0: 12 in 1 place, below massif's threshold (1.00%)
#-----------
snapshot=10
#-----------
time=153227
mem_heap_B=4862
mem_heap_extra_B=194
mem_stacks_B=0
heap_tree=empty
#-----------
snapshot=11
#-----------
time=153393
mem_heap_B=4864
mem_heap_extra_B=216
mem_stacks_B=0
heap_tree=empty
#-----------
snapshot=12
#-----------
time=153559
mem_heap_B=4866
mem_heap_extra_B=238
mem_stacks_B=0
heap_tree=empty
#-----------
snapshot=13
#-----------
time=153725
mem_heap_B=4868
mem_heap_extra_B=260
mem_stacks_B=0
heap_tree=empty
#-----------
snapshot=14
#-----------
time=153891
mem_heap_B=4870
mem_heap_extra_B=282
mem_stacks_B=0
heap_tree=empty
#-----------
snapshot=15
#-----------
time=154057
mem_heap_B=4872
mem_heap_extra_B=304
mem_stacks_B=0
heap_tree=empty
#-----------
snapshot=16
#-----------
time=154223
mem_heap_B=4874
mem_heap_extra_B=326
mem_stacks_B=0
heap_tree=empty
#-----------
snapshot=17
#-----------
time=154389
mem_heap_B=4876
mem_heap_extra_B=348
mem_stacks_B=0
heap_tree=empty
#-----------
snapshot=18
#-----------
time=154555
mem_heap_B=4878
mem_heap_extra_B=370
mem_stacks_B=0
heap_tree=empty
#-----------
snapshot=19
#-----------
time=154631
mem_heap_B=4894
mem_heap_extra_B=378
mem_stacks_B=0
heap_tree=detailed
n4: 4894 (heap allocation functions) malloc/new/new[], --alloc-fns, etc.
 n1: 4096 0x48D885A: _IO_file_doallocate (filedoalloc.c:101)
  n1: 4096 0x48E80B0: _IO_doallocbuf (genops.c:347)
   n1: 4096 0x48E6F22: _IO_file_underflow@@GLIBC_2.2.5 (fileops.c:493)
    n1: 4096 0x48E8180: _IO_default_uflow (genops.c:362)
     n1: 4096 0x109A76: cargar_datos (in /home/fari/TSP/main.o)
      n0: 4096 0x109CF7: main (in /home/fari/TSP/main.o)
 n1: 552 0x48D93B8: fopen@@GLIBC_2.2.5 (iofopen.c:65)
  n1: 552 0x109A3F: cargar_datos (in /home/fari/TSP/main.o)
   n0: 552 0x109CF7: main (in /home/fari/TSP/main.o)
 n0: 200 0x109CD9: main (in /home/fari/TSP/main.o)
 n0: 46 in 3 places, all below massif's threshold (1.00%)
#-----------
snapshot=20
#-----------
time=154669
mem_heap_B=5014
mem_heap_extra_B=394
mem_stacks_B=0
heap_tree=empty
#-----------
snapshot=21
#-----------
time=154717
mem_heap_B=5074
mem_heap_extra_B=406
mem_stacks_B=0
heap_tree=empty
#-----------
snapshot=22
#-----------
time=155007
mem_heap_B=5134
mem_heap_extra_B=418
mem_stacks_B=0
heap_tree=empty
#-----------
snapshot=23
#-----------
time=155297
mem_heap_B=5194
mem_heap_extra_B=430
mem_stacks_B=0
heap_tree=empty
#-----------
snapshot=24
#-----------
time=155587
mem_heap_B=5254
mem_heap_extra_B=442
mem_stacks_B=0
heap_tree=empty
#-----------
snapshot=25
#-----------
time=155877
mem_heap_B=5314
mem_heap_extra_B=454
mem_stacks_B=0
heap_tree=empty
#-----------
snapshot=26
#-----------
time=156167
mem_heap_B=5374
mem_heap_extra_B=466
mem_stacks_B=0
heap_tree=empty
#-----------
snapshot=27
#-----------
time=156457
mem_heap_B=5434
mem_heap_extra_B=478
mem_stacks_B=0
heap_tree=empty
#-----------
snapshot=28
#-----------
time=156747
mem_heap_B=5494
mem_heap_extra_B=490
mem_stacks_B=0
heap_tree=empty
#-----------
snapshot=29
#-----------
time=157037
mem_heap_B=5554
mem_heap_extra_B=502
mem_stacks_B=0
heap_tree=detailed
n6: 5554 (heap allocation functions) malloc/new/new[], --alloc-fns, etc.
 n1: 4096 0x48D885A: _IO_file_doallocate (filedoalloc.c:101)
  n1: 4096 0x48E80B0: _IO_doallocbuf (genops.c:347)
   n1: 4096 0x48E6F22: _IO_file_underflow@@GLIBC_2.2.5 (fileops.c:493)
    n1: 4096 0x48E8180: _IO_default_uflow (genops.c:362)
     n1: 4096 0x109A76: cargar_datos (in /home/fari/TSP/main.o)
      n0: 4096 0x109CF7: main (in /home/fari/TSP/main.o)
 n1: 552 0x48D93B8: fopen@@GLIBC_2.2.5 (iofopen.c:65)
  n1: 552 0x109A3F: cargar_datos (in /home/fari/TSP/main.o)
   n0: 552 0x109CF7: main (in /home/fari/TSP/main.o)
 n1: 540 0x109275: matriz_ady_crear (in /home/fari/TSP/main.o)
  n1: 540 0x10979F: leer_ciudades (in /home/fari/TSP/main.o)
   n1: 540 0x109A92: cargar_datos (in /home/fari/TSP/main.o)
    n0: 540 0x109CF7: main (in /home/fari/TSP/main.o)
 n0: 200 0x109CD9: main (in /home/fari/TSP/main.o)
 n1: 120 0x109238: matriz_ady_crear (in /home/fari/TSP/main.o)
  n1: 120 0x10979F: leer_ciudades (in /home/fari/TSP/main.o)
   n1: 120 0x109A92: cargar_datos (in /home/fari/TSP/main.o)
    n0: 120 0x109CF7: main (in /home/fari/TSP/main.o)
 n0: 46 in 3 places, all below massif's threshold (1.00%)
#-----------
snapshot=30
#-----------
time=157327
mem_heap_B=5614
mem_heap_extra_B=514
mem_stacks_B=0
heap_tree=empty
#-----------
snapshot=31
#-----------
time=157617
mem_heap_B=5674
mem_heap_extra_B=526
mem_stacks_B=0
heap_tree=empty
#-----------
snapshot=32
#-----------
time=157907
mem_heap_B=5734
mem_heap_extra_B=538
mem_stacks_B=0
heap_tree=empty
#-----------
snapshot=33
#-----------
time=158197
mem_heap_B=5794
mem_heap_extra_B=550
mem_stacks_B=0
heap_tree=empty
#-----------
snapshot=34
#-----------
time=158487
mem_heap_B=5854
mem_heap_extra_B=562
mem_stacks_B=0
heap_tree=empty
#-----------
snapshot=35
#-----------
time=158777
mem_heap_B=5914
mem_heap_extra_B=574
mem_stacks_B=0
heap_tree=empty
#-----------
snapshot=36
#-----------
time=274622
mem_heap_B=5914
mem_heap_extra_B=574
mem_stacks_B=0
heap_tree=peak
n6: 5914 (heap allocation functions) malloc/new/new[], --alloc-fns, etc.
 n1: 4096 0x48D885A: _IO_file_doallocate (filedoalloc.c:101)
  n1: 4096 0x48E80B0: _IO_doallocbuf (genops.c:347)
   n1: 4096 0x48E6F22: _IO_file_underflow@@GLIBC_2.2.5 (fileops.c:493)
    n1: 4096 0x48E8180: _IO_default_uflow (genops.c:362)
     n1: 4096 0x109A76: cargar_datos (in /home/fari/TSP/main.o)
      n0: 4096 0x109CF7: main (in /home/fari/TSP/main.o)
 n1: 900 0x109275: matriz_ady_crear (in /home/fari/TSP/main.o)
  n1: 900 0x10979F: leer_ciudades (in /home/fari/TSP/main.o)
   n1: 900 0x109A92: cargar_datos (in /home/fari/TSP/main.o)
    n0: 900 0x109CF7: main (in /home/fari/TSP/main.o)
 n1: 552 0x48D93B8: fopen@@GLIBC_2.2.5 (iofopen.c:65)
  n1: 552 0x109A3F: cargar_datos (in /home/fari/TSP/main.o)
   n0: 552 0x109CF7: main (in /home/fari/TSP/main.o)
 n0: 200 0x109CD9: main (in /home/fari/TSP/main.o)
 n1: 120 0x109238: matriz_ady_crear (in /home/fari/TSP/main.o)
  n1: 120 0x10979F: leer_ciudades (in /home/fari/TSP/main.o)
   n1: 120 0x109A92: cargar_datos (in /home/fari/TSP/main.o)
    n0: 120 0x109CF7: main (in /home/fari/TSP/main.o)
 n0: 46 in 3 places, all below massif's threshold (1.00%)
#-----------
snapshot=37
#-----------
time=274622
mem_heap_B=1818
mem_heap_extra_B=566
mem_stacks_B=0
heap_tree=empty
#-----------
snapshot=38
#-----------
time=274749
mem_heap_B=1266
mem_heap_extra_B=550
mem_stacks_B=0
heap_tree=empty
#-----------
snapshot=39
#-----------
time=10466316409
mem_heap_B=2290
mem_heap_extra_B=558
mem_stacks_B=0
heap_tree=empty
#-----------
snapshot=40
#-----------
time=10466342516
mem_heap_B=2288
mem_heap_extra_B=536
mem_stacks_B=0
heap_tree=empty
#-----------
snapshot=41
#-----------
time=10466342554
mem_heap_B=2286
mem_heap_extra_B=514
mem_stacks_B=0
heap_tree=empty
#-----------
snapshot=42
#-----------
time=10466342592
mem_heap_B=2284
mem_heap_extra_B=492
mem_stacks_B=0
heap_tree=empty
#-----------
snapshot=43
#-----------
time=10466342630
mem_heap_B=2282
mem_heap_extra_B=470
mem_stacks_B=0
heap_tree=empty
#-----------
snapshot=44
#-----------
time=10466342668
mem_heap_B=2280
mem_heap_extra_B=448
mem_stacks_B=0
heap_tree=empty
#-----------
snapshot=45
#-----------
time=10466342706
mem_heap_B=2278
mem_heap_extra_B=426
mem_stacks_B=0
heap_tree=empty
#-----------
snapshot=46
#-----------
time=10466342744
mem_heap_B=2276
mem_heap_extra_B=404
mem_stacks_B=0
heap_tree=detailed
n5: 2276 (heap allocation functions) malloc/new/new[], --alloc-fns, etc.
 n1: 1024 0x48D885A: _IO_file_doallocate (filedoalloc.c:101)
  n2: 1024 0x48E80B0: _IO_doallocbuf (genops.c:347)
   n1: 1024 0x48E7196: _IO_file_overflow@@GLIBC_2.2.5 (fileops.c:752)
    n1: 1024 0x48E5BD3: _IO_file_xsputn@@GLIBC_2.2.5 (fileops.c:1251)
     n1: 1024 0x48CDE0E: __vfprintf_internal (vfprintf-internal.c:1330)
      n1: 1024 0x48B98D6: printf (printf.c:33)
       n0: 1024 0x109DC2: main (in /home/fari/TSP/main.o)
   n0: 0 in 1 place, below massif's threshold (1.00%)
 n1: 900 0x109275: matriz_ady_crear (in /home/fari/TSP/main.o)
  n1: 900 0x10979F: leer_ciudades (in /home/fari/TSP/main.o)
   n1: 900 0x109A92: cargar_datos (in /home/fari/TSP/main.o)
    n0: 900 0x109CF7: main (in /home/fari/TSP/main.o)
 n0: 200 0x109CD9: main (in /home/fari/TSP/main.o)
 n1: 120 0x109238: matriz_ady_crear (in /home/fari/TSP/main.o)
  n1: 120 0x10979F: leer_ciudades (in /home/fari/TSP/main.o)
   n1: 120 0x109A92: cargar_datos (in /home/fari/TSP/main.o)
    n0: 120 0x109CF7: main (in /home/fari/TSP/main.o)
 n0: 32 in 4 places, all below massif's threshold (1.00%)
#-----------
snapshot=47
#-----------
time=10466342782
mem_heap_B=2274
mem_heap_extra_B=382
mem_stacks_B=0
heap_tree=empty
#-----------
snapshot=48
#-----------
time=10466342820
mem_heap_B=2272
mem_heap_extra_B=360
mem_stacks_B=0
heap_tree=empty
#-----------
snapshot=49
#-----------
time=10466342858
mem_heap_B=2270
mem_heap_extra_B=338
mem_stacks_B=0
heap_tree=empty
#-----------
snapshot=50
#-----------
time=10466342896
mem_heap_B=2268
mem_heap_extra_B=316
mem_stacks_B=0
heap_tree=empty
#-----------
snapshot=51
#-----------
time=10466342934
mem_heap_B=2266
mem_heap_extra_B=294
mem_stacks_B=0
heap_tree=empty
#-----------
snapshot=52
#-----------
time=10466342972
mem_heap_B=2264
mem_heap_extra_B=272
mem_stacks_B=0
heap_tree=empty
#-----------
snapshot=53
#-----------
time=10466343010
mem_heap_B=2262
mem_heap_extra_B=250
mem_stacks_B=0
heap_tree=empty
#-----------
snapshot=54
#-----------
time=10466343048
mem_heap_B=2260
mem_heap_extra_B=228
mem_stacks_B=0
heap_tree=empty
#-----------
snapshot=55
#-----------
time=10466343081
mem_heap_B=2060
mem_heap_extra_B=212
mem_stacks_B=0
heap_tree=empty
#-----------
snapshot=56
#-----------
time=10466343132
mem_heap_B=2000
mem_heap_extra_B=200
mem_stacks_B=0
heap_tree=detailed
n4: 2000 (heap allocation functions) malloc/new/new[], --alloc-fns, etc.
 n1: 1024 0x48D885A: _IO_file_doallocate (filedoalloc.c:101)
  n2: 1024 0x48E80B0: _IO_doallocbuf (genops.c:347)
   n1: 1024 0x48E7196: _IO_file_overflow@@GLIBC_2.2.5 (fileops.c:752)
    n1: 1024 0x48E5BD3: _IO_file_xsputn@@GLIBC_2.2.5 (fileops.c:1251)
     n1: 1024 0x48CDE0E: __vfprintf_internal (vfprintf-internal.c:1330)
      n1: 1024 0x48B98D6: printf (printf.c:33)
       n0: 1024 0x109DC2: main (in /home/fari/TSP/main.o)
   n0: 0 in 1 place, below massif's threshold (1.00%)
 n1: 840 0x109275: matriz_ady_crear (in /home/fari/TSP/main.o)
  n1: 840 0x10979F: leer_ciudades (in /home/fari/TSP/main.o)
   n1: 840 0x109A92: cargar_datos (in /home/fari/TSP/main.o)
    n0: 840 0x109CF7: main (in /home/fari/TSP/main.o)
 n1: 120 0x109238: matriz_ady_crear (in /home/fari/TSP/main.o)
  n1: 120 0x10979F: leer_ciudades (in /home/fari/TSP/main.o)
   n1: 120 0x109A92: cargar_datos (in /home/fari/TSP/main.o)
    n0: 120 0x109CF7: main (in /home/fari/TSP/main.o)
 n0: 16 in 5 places, all below massif's threshold (1.00%)
#-----------
snapshot=57
#-----------
time=10466343172
mem_heap_B=1940
mem_heap_extra_B=188
mem_stacks_B=0
heap_tree=empty
#-----------
snapshot=58
#-----------
time=10466343212
mem_heap_B=1880
mem_heap_extra_B=176
mem_stacks_B=0
heap_tree=empty
#-----------
snapshot=59
#-----------
time=10466343252
mem_heap_B=1820
mem_heap_extra_B=164
mem_stacks_B=0
heap_tree=empty
#-----------
snapshot=60
#-----------
time=10466343292
mem_heap_B=1760
mem_heap_extra_B=152
mem_stacks_B=0
heap_tree=empty
#-----------
snapshot=61
#-----------
time=10466343332
mem_heap_B=1700
mem_heap_extra_B=140
mem_stacks_B=0
heap_tree=empty
#-----------
snapshot=62
#-----------
time=10466343372
mem_heap_B=1640
mem_heap_extra_B=128
mem_stacks_B=0
heap_tree=empty
#-----------
snapshot=63
#-----------
time=10466343412
mem_heap_B=1580
mem_heap_extra_B=116
mem_stacks_B=0
heap_tree=empty
#-----------
snapshot=64
#-----------
time=10466343452
mem_heap_B=1520
mem_heap_extra_B=104
mem_stacks_B=0
heap_tree=empty
#-----------
snapshot=65
#-----------
time=10466343492
mem_heap_B=1460
mem_heap_extra_B=92
mem_stacks_B=0
heap_tree=empty
#-----------
snapshot=66
#-----------
time=10466343532
mem_heap_B=1400
mem_heap_extra_B=80
mem_stacks_B=0
heap_tree=detailed
n5: 1400 (heap allocation functions) malloc/new/new[], --alloc-fns, etc.
 n1: 1024 0x48D885A: _IO_file_doallocate (filedoalloc.c:101)
  n2: 1024 0x48E80B0: _IO_doallocbuf (genops.c:347)
   n1: 1024 0x48E7196: _IO_file_overflow@@GLIBC_2.2.5 (fileops.c:752)
    n1: 1024 0x48E5BD3: _IO_file_xsputn@@GLIBC_2.2.5 (fileops.c:1251)
     n1: 1024 0x48CDE0E: __vfprintf_internal (vfprintf-internal.c:1330)
      n1: 1024 0x48B98D6: printf (printf.c:33)
       n0: 1024 0x109DC2: main (in /home/fari/TSP/main.o)
   n0: 0 in 1 place, below massif's threshold (1.00%)
 n1: 240 0x109275: matriz_ady_crear (in /home/fari/TSP/main.o)
  n1: 240 0x10979F: leer_ciudades (in /home/fari/TSP/main.o)
   n1: 240 0x109A92: cargar_datos (in /home/fari/TSP/main.o)
    n0: 240 0x109CF7: main (in /home/fari/TSP/main.o)
 n1: 120 0x109238: matriz_ady_crear (in /home/fari/TSP/main.o)
  n1: 120 0x10979F: leer_ciudades (in /home/fari/TSP/main.o)
   n1: 120 0x109A92: cargar_datos (in /home/fari/TSP/main.o)
    n0: 120 0x109CF7: main (in /home/fari/TSP/main.o)
 n1: 16 0x109219: matriz_ady_crear (in /home/fari/TSP/main.o)
  n1: 16 0x10979F: leer_ciudades (in /home/fari/TSP/main.o)
   n1: 16 0x109A92: cargar_datos (in /home/fari/TSP/main.o)
    n0: 16 0x109CF7: main (in /home/fari/TSP/main.o)
 n0: 0 in 4 places, all below massif's threshold (1.00%)
#-----------
snapshot=67
#-----------
time=10466343572
mem_heap_B=1340
mem_heap_extra_B=68
mem_stacks_B=0
heap_tree=empty
#-----------
snapshot=68
#-----------
time=10466343612
mem_heap_B=1280
mem_heap_extra_B=56
mem_stacks_B=0
heap_tree=empty
#-----------
snapshot=69
#-----------
time=10466343652
mem_heap_B=1220
mem_heap_extra_B=44
mem_stacks_B=0
heap_tree=empty
#-----------
snapshot=70
#-----------
time=10466343692
mem_heap_B=1160
mem_heap_extra_B=32
mem_stacks_B=0
heap_tree=empty
#-----------
snapshot=71
#-----------
time=10466343727
mem_heap_B=1040
mem_heap_extra_B=16
mem_stacks_B=0
heap_tree=empty
#-----------
snapshot=72
#-----------
time=10466343756
mem_heap_B=1024
mem_heap_extra_B=8
mem_stacks_B=0
heap_tree=empty
#-----------
snapshot=73
#-----------
time=10466346736
mem_heap_B=0
mem_heap_extra_B=0
mem_stacks_B=0
heap_tree=empty
